0 info it worked if it ends with ok
1 verbose cli [ '/usr/bin/node',
1 verbose cli   '/usr/bin/npm',
1 verbose cli   'install',
1 verbose cli   'gulp-broweserify',
1 verbose cli   '--save-dev' ]
2 info using npm@1.4.28
3 info using node@v0.10.33
4 verbose node symlink /usr/bin/node
5 verbose readDependencies using package.json deps
6 verbose cache add [ 'gulp-broweserify', null ]
7 verbose cache add name=undefined spec="gulp-broweserify" args=["gulp-broweserify",null]
8 verbose parsed url { protocol: null,
8 verbose parsed url   slashes: null,
8 verbose parsed url   auth: null,
8 verbose parsed url   host: null,
8 verbose parsed url   port: null,
8 verbose parsed url   hostname: null,
8 verbose parsed url   hash: null,
8 verbose parsed url   search: null,
8 verbose parsed url   query: null,
8 verbose parsed url   pathname: 'gulp-broweserify',
8 verbose parsed url   path: 'gulp-broweserify',
8 verbose parsed url   href: 'gulp-broweserify' }
9 silly lockFile 644a6d4c-gulp-broweserify gulp-broweserify
10 verbose lock gulp-broweserify /home/bayram/.npm/644a6d4c-gulp-broweserify.lock
11 silly lockFile 644a6d4c-gulp-broweserify gulp-broweserify
12 silly lockFile 644a6d4c-gulp-broweserify gulp-broweserify
13 verbose addNamed [ 'gulp-broweserify', '' ]
14 verbose addNamed [ null, '*' ]
15 silly lockFile fe2d61c8-gulp-broweserify gulp-broweserify@
16 verbose lock gulp-broweserify@ /home/bayram/.npm/fe2d61c8-gulp-broweserify.lock
17 silly addNameRange { name: 'gulp-broweserify', range: '*', hasData: false }
18 verbose request where is /gulp-broweserify
19 verbose request registry https://registry.npmjs.org/
20 verbose request id c1fd64e82429f1a0
21 verbose url raw /gulp-broweserify
22 verbose url resolving [ 'https://registry.npmjs.org/', './gulp-broweserify' ]
23 verbose url resolved https://registry.npmjs.org/gulp-broweserify
24 verbose request where is https://registry.npmjs.org/gulp-broweserify
25 info trying registry request attempt 1 at 22:40:03
26 http GET https://registry.npmjs.org/gulp-broweserify
27 http 404 https://registry.npmjs.org/gulp-broweserify
28 verbose headers { date: 'Thu, 05 Mar 2015 20:40:04 GMT',
28 verbose headers   server: 'Apache',
28 verbose headers   'content-type': 'application/json',
28 verbose headers   'cache-control': 'max-age=0',
28 verbose headers   'content-length': '29',
28 verbose headers   'accept-ranges': 'bytes',
28 verbose headers   via: '1.1 varnish',
28 verbose headers   age: '0',
28 verbose headers   'x-served-by': 'cache-ams4124-AMS',
28 verbose headers   'x-cache': 'MISS',
28 verbose headers   'x-cache-hits': '0',
28 verbose headers   'x-timer': 'S1425588003.601703,VS0,VE659',
28 verbose headers   'keep-alive': 'timeout=10, max=50',
28 verbose headers   connection: 'Keep-Alive' }
29 silly registry.get cb [ 404,
29 silly registry.get   { date: 'Thu, 05 Mar 2015 20:40:04 GMT',
29 silly registry.get     server: 'Apache',
29 silly registry.get     'content-type': 'application/json',
29 silly registry.get     'cache-control': 'max-age=0',
29 silly registry.get     'content-length': '29',
29 silly registry.get     'accept-ranges': 'bytes',
29 silly registry.get     via: '1.1 varnish',
29 silly registry.get     age: '0',
29 silly registry.get     'x-served-by': 'cache-ams4124-AMS',
29 silly registry.get     'x-cache': 'MISS',
29 silly registry.get     'x-cache-hits': '0',
29 silly registry.get     'x-timer': 'S1425588003.601703,VS0,VE659',
29 silly registry.get     'keep-alive': 'timeout=10, max=50',
29 silly registry.get     connection: 'Keep-Alive' } ]
30 silly lockFile fe2d61c8-gulp-broweserify gulp-broweserify@
31 silly lockFile fe2d61c8-gulp-broweserify gulp-broweserify@
32 error Error: Package not found : gulp-broweserify
32 error     at RegClient.<anonymous> (/usr/lib/node_modules/npm/node_modules/npm-registry-client/lib/request.js:308:14)
32 error     at Request._callback (/usr/lib/node_modules/npm/node_modules/npm-registry-client/lib/request.js:246:65)
32 error     at Request.self.callback (/usr/lib/node_modules/npm/node_modules/request/request.js:236:22)
32 error     at Request.emit (events.js:98:17)
32 error     at Request.<anonymous> (/usr/lib/node_modules/npm/node_modules/request/request.js:1142:14)
32 error     at Request.emit (events.js:117:20)
32 error     at IncomingMessage.<anonymous> (/usr/lib/node_modules/npm/node_modules/request/request.js:1096:12)
32 error     at IncomingMessage.emit (events.js:117:20)
32 error     at _stream_readable.js:943:16
32 error     at process._tickCallback (node.js:419:13)
33 error If you need help, you may report this *entire* log,
33 error including the npm and node versions, at:
33 error     <http://github.com/npm/npm/issues>
34 error System Linux 3.13.0-43-generic
35 error command "/usr/bin/node" "/usr/bin/npm" "install" "gulp-broweserify" "--save-dev"
36 error cwd /home/bayram/Desktop/Learn/workflos
37 error node -v v0.10.33
38 error npm -v 1.4.28
39 verbose exit [ 1, true ]
